2022-05-09 14:45:37.239883(DEBUG): Configurando Chrome...
2022-05-09 14:45:37.239883(INFO): Abriendo Chrome...
2022-05-09 14:45:37.239883(INFO): Configurando WebDriver...
2022-05-09 14:45:37.239883(DEBUG): Estableciendo "Browser Target"...
2022-05-09 14:45:37.239883(INFO): Ejecutando controlador de Chrome...
2022-05-09 14:45:37.239883(INFO): 

2022-05-09 14:45:37.239883(INFO): ====== WebDriver manager ======
2022-05-09 14:45:37.239883(INFO): Current google-chrome version is 100.0.4896
2022-05-09 14:45:37.239883(INFO): Get LATEST chromedriver version for 100.0.4896 google-chrome
2022-05-09 14:45:37.239883(DEBUG): Starting new HTTPS connection (1): chromedriver.storage.googleapis.com:443
2022-05-09 14:45:37.239883(DEBUG): https://chromedriver.storage.googleapis.com:443 "GET /LATEST_RELEASE_100.0.4896 HTTP/1.1" 200 13
2022-05-09 14:45:37.239883(INFO): Driver [C:\Users\Jonathan\.wdm\drivers\chromedriver\win32\100.0.4896.60\chromedriver.exe] found in cache
2022-05-09 14:45:37.239883(DEBUG): POST http://localhost:56148/session {"capabilities": {"firstMatch": [{}], "alwaysMatch": {"browserName": "chrome", "pageLoadStrategy": "eager", "goog:chromeOptions": {"debuggerAddress": "localhost:8989", "extensions": [], "args": []}}}, "desiredCapabilities": {"browserName": "chrome", "pageLoadStrategy": "eager", "goog:chromeOptions": {"debuggerAddress": "localhost:8989", "extensions": [], "args": []}}}
2022-05-09 14:45:37.239883(DEBUG): Starting new HTTP connection (1): localhost:56148
2022-05-09 14:45:37.239883(DEBUG): http://localhost:56148 "POST /session HTTP/1.1" 200 667
2022-05-09 14:45:37.239883(DEBUG): Finished Request
2022-05-09 14:45:37.239883(DEBUG): DELETE http://localhost:56148/session/74a95aa0ceed2685c9ff8d57815a49d6/window {}
2022-05-09 14:45:37.239883(DEBUG): http://localhost:56148 "DELETE /session/74a95aa0ceed2685c9ff8d57815a49d6/window HTTP/1.1" 200 12
2022-05-09 14:45:37.239883(DEBUG): Finished Request
2022-05-09 14:45:37.239883(DEBUG): Configurando GUI...
2022-05-09 14:45:37.239883(DEBUG): Configurando frames...
2022-05-09 14:45:37.239883(DEBUG): Configurando barra de menu...
2022-05-09 14:45:37.239883(DEBUG): Cargando ventana principal...
2022-05-09 14:45:37.239883(DEBUG): Cerrando SNKRMON...
