2022-05-09 16:57:38.900468(DEBUG): Configurando GUI...
2022-05-09 16:57:38.900468(DEBUG): Configurando frames...
2022-05-09 16:57:38.900468(DEBUG): Configurando barra de menu...
2022-05-09 16:57:38.900468(DEBUG): Cargando ventana principal...
2022-05-09 16:57:38.900468(INFO): Abriendo Chrome...
2022-05-09 16:57:38.900468(INFO): Configurando WebDriver...
2022-05-09 16:57:38.900468(DEBUG): Estableciendo "Browser Target"...
2022-05-09 16:57:38.900468(INFO): Ejecutando controlador de Chrome...
2022-05-09 16:57:38.900468(INFO): 

2022-05-09 16:57:38.900468(INFO): ====== WebDriver manager ======
2022-05-09 16:57:38.900468(INFO): Current google-chrome version is 100.0.4896
2022-05-09 16:57:38.900468(INFO): Get LATEST chromedriver version for 100.0.4896 google-chrome
2022-05-09 16:57:38.900468(DEBUG): Starting new HTTPS connection (1): chromedriver.storage.googleapis.com:443
2022-05-09 16:57:38.900468(DEBUG): https://chromedriver.storage.googleapis.com:443 "GET /LATEST_RELEASE_100.0.4896 HTTP/1.1" 200 13
2022-05-09 16:57:38.900468(INFO): Driver [C:\Users\Jonathan\.wdm\drivers\chromedriver\win32\100.0.4896.60\chromedriver.exe] found in cache
2022-05-09 16:57:38.900468(DEBUG): POST http://localhost:60997/session {"capabilities": {"firstMatch": [{}], "alwaysMatch": {"browserName": "chrome", "pageLoadStrategy": "eager", "goog:chromeOptions": {"debuggerAddress": "localhost:8989", "extensions": [], "args": []}}}, "desiredCapabilities": {"browserName": "chrome", "pageLoadStrategy": "eager", "goog:chromeOptions": {"debuggerAddress": "localhost:8989", "extensions": [], "args": []}}}
2022-05-09 16:57:38.900468(DEBUG): Starting new HTTP connection (1): localhost:60997
2022-05-09 16:57:38.900468(DEBUG): http://localhost:60997 "POST /session HTTP/1.1" 200 667
2022-05-09 16:57:38.900468(DEBUG): Finished Request
2022-05-09 16:57:38.900468(DEBUG): Obteniendo sku...
2022-05-09 16:57:38.900468(DEBUG): POST http://localhost:60997/session/fc2516159db2e7c280274ca342326935/url {"url": "chrome://extensions/?id=aabcgdmkeabbnleenpncegpcngjpnjkc"}
2022-05-09 16:57:38.900468(DEBUG): http://localhost:60997 "POST /session/fc2516159db2e7c280274ca342326935/url HTTP/1.1" 200 14
2022-05-09 16:57:38.900468(DEBUG): Finished Request
2022-05-09 16:57:38.900468(DEBUG): GET http://localhost:60997/session/fc2516159db2e7c280274ca342326935/url {}
2022-05-09 16:57:38.900468(DEBUG): http://localhost:60997 "GET /session/fc2516159db2e7c280274ca342326935/url HTTP/1.1" 200 32
2022-05-09 16:57:38.900468(DEBUG): Finished Request
2022-05-09 16:57:38.900468(DEBUG): POST http://localhost:60997/session/fc2516159db2e7c280274ca342326935/url {"url": "https://chrome.google.com/webstore/detail/easy-auto-refresh/aabcgdmkeabbnleenpncegpcngjpnjkc"}
2022-05-09 16:57:38.900468(DEBUG): http://localhost:60997 "POST /session/fc2516159db2e7c280274ca342326935/url HTTP/1.1" 200 14
2022-05-09 16:57:38.900468(DEBUG): Finished Request
2022-05-09 16:57:38.900468(DEBUG): POST http://localhost:60997/session/fc2516159db2e7c280274ca342326935/url {"url": "chrome://extensions/?id=aabcgdmkeabbnleenpncegpcngjpnjkc"}
2022-05-09 16:57:38.900468(DEBUG): http://localhost:60997 "POST /session/fc2516159db2e7c280274ca342326935/url HTTP/1.1" 200 14
2022-05-09 16:57:38.900468(DEBUG): Finished Request
2022-05-09 16:57:38.900468(DEBUG): GET http://localhost:60997/session/fc2516159db2e7c280274ca342326935/url {}
2022-05-09 16:57:38.900468(DEBUG): http://localhost:60997 "GET /session/fc2516159db2e7c280274ca342326935/url HTTP/1.1" 200 68
2022-05-09 16:57:38.900468(DEBUG): Finished Request
2022-05-09 16:57:38.900468(DEBUG): POST http://localhost:60997/session/fc2516159db2e7c280274ca342326935/execute/sync {"script": "window.open(\"\");", "args": []}
2022-05-09 16:57:38.900468(DEBUG): http://localhost:60997 "POST /session/fc2516159db2e7c280274ca342326935/execute/sync HTTP/1.1" 200 14
2022-05-09 16:57:38.900468(DEBUG): Finished Request
2022-05-09 16:57:38.900468(DEBUG): POST http://localhost:60997/session/fc2516159db2e7c280274ca342326935/url {"url": "https://www.nike.cl/checkout/cart/add?sku=2&qty=1&seller=1&redirect=false&sc=1"}
2022-05-09 16:57:38.900468(DEBUG): http://localhost:60997 "POST /session/fc2516159db2e7c280274ca342326935/url HTTP/1.1" 200 14
2022-05-09 16:57:38.900468(DEBUG): Finished Request
2022-05-09 16:57:38.900468(DEBUG): GET http://localhost:60997/session/fc2516159db2e7c280274ca342326935/window/handles {}
2022-05-09 16:57:38.900468(DEBUG): http://localhost:60997 "GET /session/fc2516159db2e7c280274ca342326935/window/handles HTTP/1.1" 200 99
2022-05-09 16:57:38.900468(DEBUG): Finished Request
2022-05-09 16:57:38.900468(DEBUG): POST http://localhost:60997/session/fc2516159db2e7c280274ca342326935/window {"handle": "CDwindow-B277E1E062EFB8B1D1EC5D3AF3A85DB8"}
2022-05-09 16:57:38.900468(DEBUG): http://localhost:60997 "POST /session/fc2516159db2e7c280274ca342326935/window HTTP/1.1" 200 14
2022-05-09 16:57:38.900468(DEBUG): Finished Request
2022-05-09 16:57:38.900468(DEBUG): POST http://localhost:60997/session/fc2516159db2e7c280274ca342326935/url {"url": "https://www.nike.cl/login"}
2022-05-09 16:57:38.900468(DEBUG): http://localhost:60997 "POST /session/fc2516159db2e7c280274ca342326935/url HTTP/1.1" 200 14
2022-05-09 16:57:38.900468(DEBUG): Finished Request
2022-05-09 16:57:38.900468(INFO): Esperando inicio de sesión...
2022-05-09 16:57:38.900468(DEBUG): POST http://localhost:60997/session/fc2516159db2e7c280274ca342326935/url {"url": "https://www.nike.cl/_secure/account#/profile"}
2022-05-09 16:58:39.989802(DEBUG): Configurando GUI...
2022-05-09 16:58:39.989802(DEBUG): Configurando frames...
2022-05-09 16:58:39.989802(DEBUG): Configurando barra de menu...
2022-05-09 16:58:39.989802(DEBUG): Cargando ventana principal...
2022-05-09 16:58:39.989802(DEBUG): Cerrando SNKRMON...
2022-05-09 16:58:59.788128(DEBUG): Configurando GUI...
2022-05-09 16:58:59.788128(DEBUG): Configurando frames...
2022-05-09 16:58:59.788128(DEBUG): Configurando barra de menu...
2022-05-09 16:58:59.788128(DEBUG): Cargando ventana principal...
2022-05-09 16:58:59.788128(INFO): Abriendo Chrome...
2022-05-09 16:58:59.788128(INFO): Configurando WebDriver...
2022-05-09 16:58:59.788128(DEBUG): Estableciendo "Browser Target"...
2022-05-09 16:58:59.788128(INFO): Ejecutando controlador de Chrome...
2022-05-09 16:58:59.788128(INFO): 

2022-05-09 16:58:59.788128(INFO): ====== WebDriver manager ======
2022-05-09 16:58:59.788128(INFO): Current google-chrome version is 100.0.4896
2022-05-09 16:58:59.788128(INFO): Get LATEST chromedriver version for 100.0.4896 google-chrome
2022-05-09 16:58:59.788128(DEBUG): Starting new HTTPS connection (1): chromedriver.storage.googleapis.com:443
2022-05-09 16:58:59.788128(DEBUG): https://chromedriver.storage.googleapis.com:443 "GET /LATEST_RELEASE_100.0.4896 HTTP/1.1" 200 13
2022-05-09 16:58:59.788128(INFO): Driver [C:\Users\Jonathan\.wdm\drivers\chromedriver\win32\100.0.4896.60\chromedriver.exe] found in cache
2022-05-09 16:58:59.788128(DEBUG): POST http://localhost:61166/session {"capabilities": {"firstMatch": [{}], "alwaysMatch": {"browserName": "chrome", "pageLoadStrategy": "eager", "goog:chromeOptions": {"debuggerAddress": "localhost:8989", "extensions": [], "args": []}}}, "desiredCapabilities": {"browserName": "chrome", "pageLoadStrategy": "eager", "goog:chromeOptions": {"debuggerAddress": "localhost:8989", "extensions": [], "args": []}}}
2022-05-09 16:58:59.788128(DEBUG): Starting new HTTP connection (1): localhost:61166
2022-05-09 16:58:59.788128(DEBUG): http://localhost:61166 "POST /session HTTP/1.1" 200 667
2022-05-09 16:58:59.788128(DEBUG): Finished Request
2022-05-09 16:58:59.788128(DEBUG): Obteniendo sku...
2022-05-09 16:58:59.788128(DEBUG): POST http://localhost:61166/session/a775e381ecfe7633f67d3013dd9d75af/url {"url": "chrome://extensions/?id=aabcgdmkeabbnleenpncegpcngjpnjkc"}
2022-05-09 16:58:59.788128(DEBUG): http://localhost:61166 "POST /session/a775e381ecfe7633f67d3013dd9d75af/url HTTP/1.1" 200 14
2022-05-09 16:58:59.788128(DEBUG): Finished Request
2022-05-09 16:58:59.788128(DEBUG): GET http://localhost:61166/session/a775e381ecfe7633f67d3013dd9d75af/url {}
2022-05-09 16:58:59.788128(DEBUG): http://localhost:61166 "GET /session/a775e381ecfe7633f67d3013dd9d75af/url HTTP/1.1" 200 32
2022-05-09 16:58:59.788128(DEBUG): Finished Request
2022-05-09 16:58:59.788128(DEBUG): POST http://localhost:61166/session/a775e381ecfe7633f67d3013dd9d75af/url {"url": "https://chrome.google.com/webstore/detail/easy-auto-refresh/aabcgdmkeabbnleenpncegpcngjpnjkc"}
2022-05-09 16:58:59.788128(DEBUG): http://localhost:61166 "POST /session/a775e381ecfe7633f67d3013dd9d75af/url HTTP/1.1" 200 14
2022-05-09 16:58:59.788128(DEBUG): Finished Request
2022-05-09 16:58:59.788128(DEBUG): POST http://localhost:61166/session/a775e381ecfe7633f67d3013dd9d75af/url {"url": "chrome://extensions/?id=aabcgdmkeabbnleenpncegpcngjpnjkc"}
2022-05-09 16:58:59.788128(DEBUG): http://localhost:61166 "POST /session/a775e381ecfe7633f67d3013dd9d75af/url HTTP/1.1" 200 14
2022-05-09 16:58:59.788128(DEBUG): Finished Request
2022-05-09 16:58:59.788128(DEBUG): GET http://localhost:61166/session/a775e381ecfe7633f67d3013dd9d75af/url {}
2022-05-09 16:58:59.788128(DEBUG): http://localhost:61166 "GET /session/a775e381ecfe7633f67d3013dd9d75af/url HTTP/1.1" 200 68
2022-05-09 16:58:59.788128(DEBUG): Finished Request
2022-05-09 16:58:59.788128(DEBUG): POST http://localhost:61166/session/a775e381ecfe7633f67d3013dd9d75af/execute/sync {"script": "window.open(\"\");", "args": []}
2022-05-09 16:58:59.788128(DEBUG): http://localhost:61166 "POST /session/a775e381ecfe7633f67d3013dd9d75af/execute/sync HTTP/1.1" 200 14
2022-05-09 16:58:59.788128(DEBUG): Finished Request
2022-05-09 16:58:59.788128(DEBUG): POST http://localhost:61166/session/a775e381ecfe7633f67d3013dd9d75af/url {"url": "https://www.nike.cl/checkout/cart/add?sku=40132&qty=1&seller=1&redirect=false&sc=1"}
2022-05-09 16:58:59.788128(DEBUG): http://localhost:61166 "POST /session/a775e381ecfe7633f67d3013dd9d75af/url HTTP/1.1" 200 14
2022-05-09 16:58:59.788128(DEBUG): Finished Request
2022-05-09 16:58:59.788128(DEBUG): GET http://localhost:61166/session/a775e381ecfe7633f67d3013dd9d75af/window/handles {}
2022-05-09 16:58:59.788128(DEBUG): http://localhost:61166 "GET /session/a775e381ecfe7633f67d3013dd9d75af/window/handles HTTP/1.1" 200 99
2022-05-09 16:58:59.788128(DEBUG): Finished Request
2022-05-09 16:58:59.788128(DEBUG): POST http://localhost:61166/session/a775e381ecfe7633f67d3013dd9d75af/window {"handle": "CDwindow-C07609D2C48FBEA9152EB2C537D5F5FC"}
2022-05-09 16:58:59.788128(DEBUG): http://localhost:61166 "POST /session/a775e381ecfe7633f67d3013dd9d75af/window HTTP/1.1" 200 14
2022-05-09 16:58:59.788128(DEBUG): Finished Request
2022-05-09 16:58:59.788128(DEBUG): POST http://localhost:61166/session/a775e381ecfe7633f67d3013dd9d75af/url {"url": "https://www.nike.cl/login"}
2022-05-09 16:58:59.788128(DEBUG): http://localhost:61166 "POST /session/a775e381ecfe7633f67d3013dd9d75af/url HTTP/1.1" 200 14
2022-05-09 16:58:59.788128(DEBUG): Finished Request
2022-05-09 16:58:59.788128(INFO): Esperando inicio de sesión...
2022-05-09 16:58:59.788128(DEBUG): POST http://localhost:61166/session/a775e381ecfe7633f67d3013dd9d75af/url {"url": "https://www.nike.cl/_secure/account#/profile"}
2022-05-09 16:58:59.788128(DEBUG): http://localhost:61166 "POST /session/a775e381ecfe7633f67d3013dd9d75af/url HTTP/1.1" 200 14
2022-05-09 16:58:59.788128(DEBUG): Finished Request
2022-05-09 16:58:59.788128(DEBUG): Verificando que se haya iniciado sesion.
2022-05-09 16:58:59.788128(DEBUG): GET http://localhost:61166/session/a775e381ecfe7633f67d3013dd9d75af/url {}
2022-05-09 16:58:59.788128(DEBUG): http://localhost:61166 "GET /session/a775e381ecfe7633f67d3013dd9d75af/url HTTP/1.1" 200 56
2022-05-09 16:58:59.788128(DEBUG): Finished Request
2022-05-09 16:58:59.788128(INFO): Se ha iniciado sesion correctamente.
2022-05-09 16:58:59.788128(DEBUG): Estableciendo tiempo de espera limite...
2022-05-09 16:58:59.788128(INFO): Buscando disponibilidad de compra...
2022-05-09 16:58:59.788128(DEBUG): POST http://localhost:61166/session/a775e381ecfe7633f67d3013dd9d75af/url {"url": "https://www.nike.cl/checkout/cart/add?sku=40132&qty=1&seller=1&redirect=true&sc=1"}
2022-05-09 16:58:59.788128(DEBUG): http://localhost:61166 "POST /session/a775e381ecfe7633f67d3013dd9d75af/url HTTP/1.1" 200 14
2022-05-09 16:58:59.788128(DEBUG): Finished Request
2022-05-09 16:58:59.788128(DEBUG): POST http://localhost:61166/session/a775e381ecfe7633f67d3013dd9d75af/element {"using": "xpath", "value": "//div[@class=\"cart-template full-cart span12 active\"]//tr[@data-bind=\"css: {'muted': !hasTotal()}\"]//td[@class=\"monetary\"]"}
2022-05-09 16:58:59.788128(DEBUG): http://localhost:61166 "POST /session/a775e381ecfe7633f67d3013dd9d75af/element HTTP/1.1" 404 1135
2022-05-09 16:58:59.788128(DEBUG): Finished Request
2022-05-09 16:58:59.788128(DEBUG): POST http://localhost:61166/session/a775e381ecfe7633f67d3013dd9d75af/element {"using": "xpath", "value": "//div[@class=\"cart-template full-cart span12 active\"]//tr[@data-bind=\"css: {'muted': !hasTotal()}\"]//td[@class=\"monetary\"]"}
2022-05-09 16:58:59.788128(DEBUG): http://localhost:61166 "POST /session/a775e381ecfe7633f67d3013dd9d75af/element HTTP/1.1" 200 88
2022-05-09 16:58:59.788128(DEBUG): Finished Request
2022-05-09 16:58:59.788128(DEBUG): POST http://localhost:61166/session/a775e381ecfe7633f67d3013dd9d75af/element {"using": "xpath", "value": "//div[@class=\"cart-template full-cart span12 active\"]//tr[@data-bind=\"css: {'muted': !hasTotal()}\"]//td[@class=\"monetary\"]"}
2022-05-09 16:58:59.788128(DEBUG): http://localhost:61166 "POST /session/a775e381ecfe7633f67d3013dd9d75af/element HTTP/1.1" 200 88
2022-05-09 16:58:59.788128(DEBUG): Finished Request
2022-05-09 16:58:59.788128(DEBUG): GET http://localhost:61166/session/a775e381ecfe7633f67d3013dd9d75af/element/5f2b860d-1eaa-49a1-8ce9-8314ecf8a52a/text {"id": "5f2b860d-1eaa-49a1-8ce9-8314ecf8a52a"}
2022-05-09 16:58:59.788128(DEBUG): http://localhost:61166 "GET /session/a775e381ecfe7633f67d3013dd9d75af/element/5f2b860d-1eaa-49a1-8ce9-8314ecf8a52a/text HTTP/1.1" 200 21
2022-05-09 16:58:59.788128(DEBUG): Finished Request
2022-05-09 16:58:59.788128(INFO): Se ha encontrado una oportunidad de compra.
2022-05-09 16:58:59.788128(INFO): Continuando con el proceso de compra...
2022-05-09 16:58:59.788128(DEBUG): POST http://localhost:61166/session/a775e381ecfe7633f67d3013dd9d75af/url {"url": "https://www.nike.cl/checkout/#/orderfrom"}
2022-05-09 16:58:59.788128(DEBUG): http://localhost:61166 "POST /session/a775e381ecfe7633f67d3013dd9d75af/url HTTP/1.1" 200 14
2022-05-09 16:58:59.788128(DEBUG): Finished Request
2022-05-09 16:58:59.788128(DEBUG): Estableciendo variables...
2022-05-09 16:58:59.788128(DEBUG): Cambiando focus a zona de pago.
2022-05-09 16:58:59.788128(DEBUG): POST http://localhost:61166/session/a775e381ecfe7633f67d3013dd9d75af/element {"using": "xpath", "value": "//iframe[@class=\"span12\"]"}
2022-05-09 16:58:59.788128(DEBUG): http://localhost:61166 "POST /session/a775e381ecfe7633f67d3013dd9d75af/element HTTP/1.1" 404 1034
2022-05-09 16:58:59.788128(DEBUG): Finished Request
2022-05-09 16:58:59.788128(ERROR): Message: no such element: Unable to locate element: {"method":"xpath","selector":"//iframe[@class="span12"]"}
  (Session info: chrome=100.0.4896.127)
Stacktrace:
Backtrace:
	Ordinal0 [0x00EE7413+2389011]
	Ordinal0 [0x00E79F61+1941345]
	Ordinal0 [0x00D6C658+837208]
	Ordinal0 [0x00D991DD+1020381]
	Ordinal0 [0x00D9949B+1021083]
	Ordinal0 [0x00DC6032+1204274]
	Ordinal0 [0x00DB4194+1130900]
	Ordinal0 [0x00DC4302+1196802]
	Ordinal0 [0x00DB3F66+1130342]
	Ordinal0 [0x00D8E546+976198]
	Ordinal0 [0x00D8F456+980054]
	GetHandleVerifier [0x01099632+1727522]
	GetHandleVerifier [0x0114BA4D+2457661]
	GetHandleVerifier [0x00F7EB81+569713]
	GetHandleVerifier [0x00F7DD76+566118]
	Ordinal0 [0x00E80B2B+1968939]
	Ordinal0 [0x00E85988+1989000]
	Ordinal0 [0x00E85A75+1989237]
	Ordinal0 [0x00E8ECB1+2026673]
	BaseThreadInitThunk [0x7620FA29+25]
	RtlGetAppContainerNamedObjectPath [0x770E7A7E+286]
	RtlGetAppContainerNamedObjectPath [0x770E7A4E+238]

2022-05-09 16:58:59.788128(INFO): Buscando disponibilidad de compra...
2022-05-09 16:58:59.788128(DEBUG): POST http://localhost:61166/session/a775e381ecfe7633f67d3013dd9d75af/url {"url": "https://www.nike.cl/checkout/cart/add?sku=40132&qty=1&seller=1&redirect=true&sc=1"}
2022-05-09 16:58:59.788128(DEBUG): http://localhost:61166 "POST /session/a775e381ecfe7633f67d3013dd9d75af/url HTTP/1.1" 200 14
2022-05-09 16:58:59.788128(DEBUG): Finished Request
2022-05-09 16:58:59.788128(DEBUG): POST http://localhost:61166/session/a775e381ecfe7633f67d3013dd9d75af/element {"using": "xpath", "value": "//div[@class=\"cart-template full-cart span12 active\"]//tr[@data-bind=\"css: {'muted': !hasTotal()}\"]//td[@class=\"monetary\"]"}
2022-05-09 16:58:59.788128(DEBUG): http://localhost:61166 "POST /session/a775e381ecfe7633f67d3013dd9d75af/element HTTP/1.1" 404 1135
2022-05-09 16:58:59.788128(DEBUG): Finished Request
2022-05-09 16:58:59.788128(DEBUG): POST http://localhost:61166/session/a775e381ecfe7633f67d3013dd9d75af/element {"using": "xpath", "value": "//div[@class=\"cart-template full-cart span12 active\"]//tr[@data-bind=\"css: {'muted': !hasTotal()}\"]//td[@class=\"monetary\"]"}
2022-05-09 16:58:59.788128(DEBUG): http://localhost:61166 "POST /session/a775e381ecfe7633f67d3013dd9d75af/element HTTP/1.1" 200 88
2022-05-09 16:58:59.788128(DEBUG): Finished Request
2022-05-09 16:58:59.788128(DEBUG): POST http://localhost:61166/session/a775e381ecfe7633f67d3013dd9d75af/element {"using": "xpath", "value": "//div[@class=\"cart-template full-cart span12 active\"]//tr[@data-bind=\"css: {'muted': !hasTotal()}\"]//td[@class=\"monetary\"]"}
2022-05-09 16:58:59.788128(DEBUG): http://localhost:61166 "POST /session/a775e381ecfe7633f67d3013dd9d75af/element HTTP/1.1" 200 88
2022-05-09 16:58:59.788128(DEBUG): Finished Request
2022-05-09 16:58:59.788128(DEBUG): GET http://localhost:61166/session/a775e381ecfe7633f67d3013dd9d75af/element/f3ea9bc3-3607-4835-806f-c959e1894cdc/text {"id": "f3ea9bc3-3607-4835-806f-c959e1894cdc"}
2022-05-09 16:58:59.788128(DEBUG): http://localhost:61166 "GET /session/a775e381ecfe7633f67d3013dd9d75af/element/f3ea9bc3-3607-4835-806f-c959e1894cdc/text HTTP/1.1" 200 21
2022-05-09 16:58:59.788128(DEBUG): Finished Request
2022-05-09 16:58:59.788128(INFO): Se ha encontrado una oportunidad de compra.
2022-05-09 16:58:59.788128(INFO): Continuando con el proceso de compra...
2022-05-09 16:58:59.788128(DEBUG): POST http://localhost:61166/session/a775e381ecfe7633f67d3013dd9d75af/url {"url": "https://www.nike.cl/checkout/#/orderfrom"}
2022-05-09 16:58:59.788128(DEBUG): http://localhost:61166 "POST /session/a775e381ecfe7633f67d3013dd9d75af/url HTTP/1.1" 200 14
2022-05-09 16:58:59.788128(DEBUG): Finished Request
2022-05-09 16:58:59.788128(DEBUG): Estableciendo variables...
2022-05-09 16:58:59.788128(DEBUG): Cambiando focus a zona de pago.
2022-05-09 16:58:59.788128(DEBUG): POST http://localhost:61166/session/a775e381ecfe7633f67d3013dd9d75af/element {"using": "xpath", "value": "//iframe[@class=\"span12\"]"}
2022-05-09 16:58:59.788128(DEBUG): http://localhost:61166 "POST /session/a775e381ecfe7633f67d3013dd9d75af/element HTTP/1.1" 200 88
2022-05-09 16:58:59.788128(DEBUG): Finished Request
2022-05-09 16:58:59.788128(DEBUG): POST http://localhost:61166/session/a775e381ecfe7633f67d3013dd9d75af/frame {"id": {"element-6066-11e4-a52e-4f735466cecf": "026390ca-1d0a-4e8e-a57f-843b72280325"}}
2022-05-09 16:58:59.788128(DEBUG): http://localhost:61166 "POST /session/a775e381ecfe7633f67d3013dd9d75af/frame HTTP/1.1" 200 14
2022-05-09 16:58:59.788128(DEBUG): Finished Request
2022-05-09 16:58:59.788128(DEBUG): POST http://localhost:61166/session/a775e381ecfe7633f67d3013dd9d75af/element {"using": "xpath", "value": "//div[@class=\"CardForm\"]"}
2022-05-09 16:58:59.788128(DEBUG): http://localhost:61166 "POST /session/a775e381ecfe7633f67d3013dd9d75af/element HTTP/1.1" 404 1033
2022-05-09 16:58:59.788128(DEBUG): Finished Request
2022-05-09 16:58:59.788128(DEBUG): POST http://localhost:61166/session/a775e381ecfe7633f67d3013dd9d75af/element {"using": "xpath", "value": "//div[@class=\"CardForm\"]"}
2022-05-09 16:58:59.788128(DEBUG): http://localhost:61166 "POST /session/a775e381ecfe7633f67d3013dd9d75af/element HTTP/1.1" 404 1033
2022-05-09 16:58:59.788128(DEBUG): Finished Request
2022-05-09 16:58:59.788128(DEBUG): POST http://localhost:61166/session/a775e381ecfe7633f67d3013dd9d75af/element {"using": "xpath", "value": "//div[@class=\"CardForm\"]"}
2022-05-09 16:58:59.788128(DEBUG): http://localhost:61166 "POST /session/a775e381ecfe7633f67d3013dd9d75af/element HTTP/1.1" 200 88
2022-05-09 16:58:59.788128(DEBUG): Finished Request
2022-05-09 16:58:59.788128(DEBUG): Llenando numero de cuotas.
2022-05-09 16:58:59.788128(DEBUG): POST http://localhost:61166/session/a775e381ecfe7633f67d3013dd9d75af/element {"using": "css selector", "value": "[id=\"creditCardpayment-card-0Brand\"]"}
2022-05-09 16:58:59.788128(DEBUG): http://localhost:61166 "POST /session/a775e381ecfe7633f67d3013dd9d75af/element HTTP/1.1" 200 88
2022-05-09 16:58:59.788128(DEBUG): Finished Request
2022-05-09 16:58:59.788128(DEBUG): POST http://localhost:61166/session/a775e381ecfe7633f67d3013dd9d75af/element/d51974d9-cbc8-4653-8a28-ff2b6b3a32a5/value {"text": "Total", "value": ["T", "o", "t", "a", "l"], "id": "d51974d9-cbc8-4653-8a28-ff2b6b3a32a5"}
2022-05-09 16:58:59.788128(DEBUG): http://localhost:61166 "POST /session/a775e381ecfe7633f67d3013dd9d75af/element/d51974d9-cbc8-4653-8a28-ff2b6b3a32a5/value HTTP/1.1" 200 14
2022-05-09 16:58:59.788128(DEBUG): Finished Request
2022-05-09 16:58:59.788128(DEBUG): Llenando mes de vencimiento de tarjeta.
2022-05-09 16:58:59.788128(DEBUG): POST http://localhost:61166/session/a775e381ecfe7633f67d3013dd9d75af/element {"using": "css selector", "value": "[id=\"creditCardpayment-card-0Month\"]"}
2022-05-09 16:58:59.788128(DEBUG): http://localhost:61166 "POST /session/a775e381ecfe7633f67d3013dd9d75af/element HTTP/1.1" 200 88
2022-05-09 16:58:59.788128(DEBUG): Finished Request
2022-05-09 16:58:59.788128(DEBUG): POST http://localhost:61166/session/a775e381ecfe7633f67d3013dd9d75af/element/4c1e52b0-4839-4325-9fd8-b09dc5f94f22/value {"text": "\ue015", "value": ["\ue015"], "id": "4c1e52b0-4839-4325-9fd8-b09dc5f94f22"}
2022-05-09 16:58:59.788128(DEBUG): http://localhost:61166 "POST /session/a775e381ecfe7633f67d3013dd9d75af/element/4c1e52b0-4839-4325-9fd8-b09dc5f94f22/value HTTP/1.1" 200 14
2022-05-09 16:58:59.788128(DEBUG): Finished Request
2022-05-09 16:58:59.788128(DEBUG): POST http://localhost:61166/session/a775e381ecfe7633f67d3013dd9d75af/element {"using": "css selector", "value": "[id=\"creditCardpayment-card-0Month\"]"}
2022-05-09 16:58:59.788128(DEBUG): http://localhost:61166 "POST /session/a775e381ecfe7633f67d3013dd9d75af/element HTTP/1.1" 200 88
2022-05-09 16:58:59.788128(DEBUG): Finished Request
2022-05-09 16:58:59.788128(DEBUG): POST http://localhost:61166/session/a775e381ecfe7633f67d3013dd9d75af/element/4c1e52b0-4839-4325-9fd8-b09dc5f94f22/value {"text": "\ue015", "value": ["\ue015"], "id": "4c1e52b0-4839-4325-9fd8-b09dc5f94f22"}
2022-05-09 16:58:59.788128(DEBUG): http://localhost:61166 "POST /session/a775e381ecfe7633f67d3013dd9d75af/element/4c1e52b0-4839-4325-9fd8-b09dc5f94f22/value HTTP/1.1" 200 14
2022-05-09 16:58:59.788128(DEBUG): Finished Request
2022-05-09 16:58:59.788128(DEBUG): POST http://localhost:61166/session/a775e381ecfe7633f67d3013dd9d75af/element {"using": "css selector", "value": "[id=\"creditCardpayment-card-0Month\"]"}
2022-05-09 16:58:59.788128(DEBUG): http://localhost:61166 "POST /session/a775e381ecfe7633f67d3013dd9d75af/element HTTP/1.1" 200 88
2022-05-09 16:58:59.788128(DEBUG): Finished Request
2022-05-09 16:58:59.788128(DEBUG): POST http://localhost:61166/session/a775e381ecfe7633f67d3013dd9d75af/element/4c1e52b0-4839-4325-9fd8-b09dc5f94f22/value {"text": "\ue015", "value": ["\ue015"], "id": "4c1e52b0-4839-4325-9fd8-b09dc5f94f22"}
2022-05-09 16:58:59.788128(DEBUG): http://localhost:61166 "POST /session/a775e381ecfe7633f67d3013dd9d75af/element/4c1e52b0-4839-4325-9fd8-b09dc5f94f22/value HTTP/1.1" 200 14
2022-05-09 16:58:59.788128(DEBUG): Finished Request
2022-05-09 16:58:59.788128(DEBUG): POST http://localhost:61166/session/a775e381ecfe7633f67d3013dd9d75af/element {"using": "css selector", "value": "[id=\"creditCardpayment-card-0Month\"]"}
2022-05-09 16:58:59.788128(DEBUG): http://localhost:61166 "POST /session/a775e381ecfe7633f67d3013dd9d75af/element HTTP/1.1" 200 88
2022-05-09 16:58:59.788128(DEBUG): Finished Request
2022-05-09 16:58:59.788128(DEBUG): POST http://localhost:61166/session/a775e381ecfe7633f67d3013dd9d75af/element/4c1e52b0-4839-4325-9fd8-b09dc5f94f22/value {"text": "\ue015", "value": ["\ue015"], "id": "4c1e52b0-4839-4325-9fd8-b09dc5f94f22"}
2022-05-09 16:58:59.788128(DEBUG): http://localhost:61166 "POST /session/a775e381ecfe7633f67d3013dd9d75af/element/4c1e52b0-4839-4325-9fd8-b09dc5f94f22/value HTTP/1.1" 200 14
2022-05-09 16:58:59.788128(DEBUG): Finished Request
2022-05-09 16:58:59.788128(DEBUG): POST http://localhost:61166/session/a775e381ecfe7633f67d3013dd9d75af/element {"using": "css selector", "value": "[id=\"creditCardpayment-card-0Month\"]"}
2022-05-09 16:58:59.788128(DEBUG): http://localhost:61166 "POST /session/a775e381ecfe7633f67d3013dd9d75af/element HTTP/1.1" 200 88
2022-05-09 16:58:59.788128(DEBUG): Finished Request
2022-05-09 16:58:59.788128(DEBUG): POST http://localhost:61166/session/a775e381ecfe7633f67d3013dd9d75af/element/4c1e52b0-4839-4325-9fd8-b09dc5f94f22/value {"text": "\ue015", "value": ["\ue015"], "id": "4c1e52b0-4839-4325-9fd8-b09dc5f94f22"}
2022-05-09 16:58:59.788128(DEBUG): http://localhost:61166 "POST /session/a775e381ecfe7633f67d3013dd9d75af/element/4c1e52b0-4839-4325-9fd8-b09dc5f94f22/value HTTP/1.1" 200 14
2022-05-09 16:58:59.788128(DEBUG): Finished Request
2022-05-09 16:58:59.788128(DEBUG): POST http://localhost:61166/session/a775e381ecfe7633f67d3013dd9d75af/element {"using": "css selector", "value": "[id=\"creditCardpayment-card-0Month\"]"}
2022-05-09 16:58:59.788128(DEBUG): http://localhost:61166 "POST /session/a775e381ecfe7633f67d3013dd9d75af/element HTTP/1.1" 200 88
2022-05-09 16:58:59.788128(DEBUG): Finished Request
2022-05-09 16:58:59.788128(DEBUG): POST http://localhost:61166/session/a775e381ecfe7633f67d3013dd9d75af/element/4c1e52b0-4839-4325-9fd8-b09dc5f94f22/value {"text": "\ue015", "value": ["\ue015"], "id": "4c1e52b0-4839-4325-9fd8-b09dc5f94f22"}
2022-05-09 16:58:59.788128(DEBUG): http://localhost:61166 "POST /session/a775e381ecfe7633f67d3013dd9d75af/element/4c1e52b0-4839-4325-9fd8-b09dc5f94f22/value HTTP/1.1" 200 14
2022-05-09 16:58:59.788128(DEBUG): Finished Request
2022-05-09 16:58:59.788128(DEBUG): Llenando anio de vencimiento de tarjeta.
2022-05-09 16:58:59.788128(DEBUG): POST http://localhost:61166/session/a775e381ecfe7633f67d3013dd9d75af/element {"using": "xpath", "value": "//select[@id=\"creditCardpayment-card-0Year\"]//option[2]"}
2022-05-09 16:58:59.788128(DEBUG): http://localhost:61166 "POST /session/a775e381ecfe7633f67d3013dd9d75af/element HTTP/1.1" 200 88
2022-05-09 16:58:59.788128(DEBUG): Finished Request
2022-05-09 16:58:59.788128(DEBUG): GET http://localhost:61166/session/a775e381ecfe7633f67d3013dd9d75af/element/72fda40e-4118-412c-b712-9074936d12d7/text {"id": "72fda40e-4118-412c-b712-9074936d12d7"}
2022-05-09 16:58:59.788128(DEBUG): http://localhost:61166 "GET /session/a775e381ecfe7633f67d3013dd9d75af/element/72fda40e-4118-412c-b712-9074936d12d7/text HTTP/1.1" 200 14
2022-05-09 16:58:59.788128(DEBUG): Finished Request
2022-05-09 16:58:59.788128(DEBUG): POST http://localhost:61166/session/a775e381ecfe7633f67d3013dd9d75af/element {"using": "css selector", "value": "[id=\"creditCardpayment-card-0Year\"]"}
2022-05-09 16:58:59.788128(DEBUG): http://localhost:61166 "POST /session/a775e381ecfe7633f67d3013dd9d75af/element HTTP/1.1" 200 88
2022-05-09 16:58:59.788128(DEBUG): Finished Request
2022-05-09 16:58:59.788128(DEBUG): POST http://localhost:61166/session/a775e381ecfe7633f67d3013dd9d75af/element/22e39436-06c4-48d6-b6d3-407e4d7dbb0b/value {"text": "\ue015", "value": ["\ue015"], "id": "22e39436-06c4-48d6-b6d3-407e4d7dbb0b"}
2022-05-09 16:58:59.788128(DEBUG): http://localhost:61166 "POST /session/a775e381ecfe7633f67d3013dd9d75af/element/22e39436-06c4-48d6-b6d3-407e4d7dbb0b/value HTTP/1.1" 200 14
2022-05-09 16:58:59.788128(DEBUG): Finished Request
2022-05-09 16:58:59.788128(DEBUG): POST http://localhost:61166/session/a775e381ecfe7633f67d3013dd9d75af/element {"using": "css selector", "value": "[id=\"creditCardpayment-card-0Year\"]"}
2022-05-09 16:58:59.788128(DEBUG): http://localhost:61166 "POST /session/a775e381ecfe7633f67d3013dd9d75af/element HTTP/1.1" 200 88
2022-05-09 16:58:59.788128(DEBUG): Finished Request
2022-05-09 16:58:59.788128(DEBUG): POST http://localhost:61166/session/a775e381ecfe7633f67d3013dd9d75af/element/22e39436-06c4-48d6-b6d3-407e4d7dbb0b/value {"text": "\ue015", "value": ["\ue015"], "id": "22e39436-06c4-48d6-b6d3-407e4d7dbb0b"}
2022-05-09 16:58:59.788128(DEBUG): http://localhost:61166 "POST /session/a775e381ecfe7633f67d3013dd9d75af/element/22e39436-06c4-48d6-b6d3-407e4d7dbb0b/value HTTP/1.1" 200 14
2022-05-09 16:58:59.788128(DEBUG): Finished Request
2022-05-09 16:58:59.788128(DEBUG): Llenando numero de tarjeta.
2022-05-09 16:58:59.788128(DEBUG): POST http://localhost:61166/session/a775e381ecfe7633f67d3013dd9d75af/element {"using": "css selector", "value": "[id=\"creditCardpayment-card-0Number\"]"}
2022-05-09 16:58:59.788128(DEBUG): http://localhost:61166 "POST /session/a775e381ecfe7633f67d3013dd9d75af/element HTTP/1.1" 200 88
2022-05-09 16:58:59.788128(DEBUG): Finished Request
2022-05-09 16:58:59.788128(DEBUG): POST http://localhost:61166/session/a775e381ecfe7633f67d3013dd9d75af/element/5b27df97-137e-4068-98d3-892b97ccb1b8/click {"id": "5b27df97-137e-4068-98d3-892b97ccb1b8"}
2022-05-09 16:58:59.788128(DEBUG): http://localhost:61166 "POST /session/a775e381ecfe7633f67d3013dd9d75af/element/5b27df97-137e-4068-98d3-892b97ccb1b8/click HTTP/1.1" 200 14
2022-05-09 16:58:59.788128(DEBUG): Finished Request
2022-05-09 16:58:59.788128(DEBUG): POST http://localhost:61166/session/a775e381ecfe7633f67d3013dd9d75af/element {"using": "css selector", "value": "[id=\"creditCardpayment-card-0Number\"]"}
2022-05-09 16:58:59.788128(DEBUG): http://localhost:61166 "POST /session/a775e381ecfe7633f67d3013dd9d75af/element HTTP/1.1" 200 88
2022-05-09 16:58:59.788128(DEBUG): Finished Request
2022-05-09 16:58:59.788128(DEBUG): POST http://localhost:61166/session/a775e381ecfe7633f67d3013dd9d75af/element/5b27df97-137e-4068-98d3-892b97ccb1b8/value {"text": "1234123412341234", "value": ["1", "2", "3", "4", "1", "2", "3", "4", "1", "2", "3", "4", "1", "2", "3", "4"], "id": "5b27df97-137e-4068-98d3-892b97ccb1b8"}
2022-05-09 16:58:59.788128(DEBUG): http://localhost:61166 "POST /session/a775e381ecfe7633f67d3013dd9d75af/element/5b27df97-137e-4068-98d3-892b97ccb1b8/value HTTP/1.1" 200 14
2022-05-09 16:58:59.788128(DEBUG): Finished Request
2022-05-09 16:58:59.788128(DEBUG): Llenando nombre y apellido del propietario de la tarjeta.
2022-05-09 16:58:59.788128(DEBUG): POST http://localhost:61166/session/a775e381ecfe7633f67d3013dd9d75af/element {"using": "css selector", "value": "[id=\"creditCardpayment-card-0Name\"]"}
2022-05-09 16:58:59.788128(DEBUG): http://localhost:61166 "POST /session/a775e381ecfe7633f67d3013dd9d75af/element HTTP/1.1" 200 88
2022-05-09 16:58:59.788128(DEBUG): Finished Request
2022-05-09 16:58:59.788128(DEBUG): POST http://localhost:61166/session/a775e381ecfe7633f67d3013dd9d75af/element/ee7722d6-b7a0-4b07-8bcf-92e8c2e40430/click {"id": "ee7722d6-b7a0-4b07-8bcf-92e8c2e40430"}
2022-05-09 16:58:59.788128(DEBUG): http://localhost:61166 "POST /session/a775e381ecfe7633f67d3013dd9d75af/element/ee7722d6-b7a0-4b07-8bcf-92e8c2e40430/click HTTP/1.1" 200 14
2022-05-09 16:58:59.788128(DEBUG): Finished Request
2022-05-09 16:58:59.788128(DEBUG): POST http://localhost:61166/session/a775e381ecfe7633f67d3013dd9d75af/element {"using": "css selector", "value": "[id=\"creditCardpayment-card-0Name\"]"}
2022-05-09 16:58:59.788128(DEBUG): http://localhost:61166 "POST /session/a775e381ecfe7633f67d3013dd9d75af/element HTTP/1.1" 200 88
2022-05-09 16:58:59.788128(DEBUG): Finished Request
2022-05-09 16:58:59.788128(DEBUG): POST http://localhost:61166/session/a775e381ecfe7633f67d3013dd9d75af/element/ee7722d6-b7a0-4b07-8bcf-92e8c2e40430/value {"text": "Nombre De Prueba", "value": ["N", "o", "m", "b", "r", "e", " ", "D", "e", " ", "P", "r", "u", "e", "b", "a"], "id": "ee7722d6-b7a0-4b07-8bcf-92e8c2e40430"}
2022-05-09 16:58:59.788128(DEBUG): http://localhost:61166 "POST /session/a775e381ecfe7633f67d3013dd9d75af/element/ee7722d6-b7a0-4b07-8bcf-92e8c2e40430/value HTTP/1.1" 200 14
2022-05-09 16:58:59.788128(DEBUG): Finished Request
2022-05-09 16:58:59.788128(DEBUG): Llenando CVV.
2022-05-09 16:58:59.788128(DEBUG): POST http://localhost:61166/session/a775e381ecfe7633f67d3013dd9d75af/element {"using": "css selector", "value": "[id=\"creditCardpayment-card-0Code\"]"}
2022-05-09 16:58:59.788128(DEBUG): http://localhost:61166 "POST /session/a775e381ecfe7633f67d3013dd9d75af/element HTTP/1.1" 200 88
2022-05-09 16:58:59.788128(DEBUG): Finished Request
2022-05-09 16:58:59.788128(DEBUG): POST http://localhost:61166/session/a775e381ecfe7633f67d3013dd9d75af/element/9c6dbc84-3172-4133-b286-71cdb51f931b/click {"id": "9c6dbc84-3172-4133-b286-71cdb51f931b"}
2022-05-09 16:58:59.788128(DEBUG): http://localhost:61166 "POST /session/a775e381ecfe7633f67d3013dd9d75af/element/9c6dbc84-3172-4133-b286-71cdb51f931b/click HTTP/1.1" 200 14
2022-05-09 16:58:59.788128(DEBUG): Finished Request
2022-05-09 16:58:59.788128(DEBUG): POST http://localhost:61166/session/a775e381ecfe7633f67d3013dd9d75af/element {"using": "css selector", "value": "[id=\"creditCardpayment-card-0Code\"]"}
2022-05-09 16:58:59.788128(DEBUG): http://localhost:61166 "POST /session/a775e381ecfe7633f67d3013dd9d75af/element HTTP/1.1" 200 88
2022-05-09 16:58:59.788128(DEBUG): Finished Request
2022-05-09 16:58:59.788128(DEBUG): POST http://localhost:61166/session/a775e381ecfe7633f67d3013dd9d75af/element/9c6dbc84-3172-4133-b286-71cdb51f931b/value {"text": "123", "value": ["1", "2", "3"], "id": "9c6dbc84-3172-4133-b286-71cdb51f931b"}
2022-05-09 16:58:59.788128(DEBUG): http://localhost:61166 "POST /session/a775e381ecfe7633f67d3013dd9d75af/element/9c6dbc84-3172-4133-b286-71cdb51f931b/value HTTP/1.1" 200 14
2022-05-09 16:58:59.788128(DEBUG): Finished Request
2022-05-09 16:58:59.788128(DEBUG): Llenando rut del propietario de la tarjeta.
2022-05-09 16:58:59.788128(DEBUG): POST http://localhost:61166/session/a775e381ecfe7633f67d3013dd9d75af/element {"using": "css selector", "value": "[id=\"holder-document-0\"]"}
2022-05-09 16:58:59.788128(DEBUG): http://localhost:61166 "POST /session/a775e381ecfe7633f67d3013dd9d75af/element HTTP/1.1" 404 1040
2022-05-09 16:58:59.788128(DEBUG): Finished Request
2022-05-09 16:58:59.788128(ERROR): Message: no such element: Unable to locate element: {"method":"css selector","selector":"[id="holder-document-0"]"}
  (Session info: chrome=100.0.4896.127)
Stacktrace:
Backtrace:
	Ordinal0 [0x00EE7413+2389011]
	Ordinal0 [0x00E79F61+1941345]
	Ordinal0 [0x00D6C658+837208]
	Ordinal0 [0x00D991DD+1020381]
	Ordinal0 [0x00D9949B+1021083]
	Ordinal0 [0x00DC6032+1204274]
	Ordinal0 [0x00DB4194+1130900]
	Ordinal0 [0x00DC4302+1196802]
	Ordinal0 [0x00DB3F66+1130342]
	Ordinal0 [0x00D8E546+976198]
	Ordinal0 [0x00D8F456+980054]
	GetHandleVerifier [0x01099632+1727522]
	GetHandleVerifier [0x0114BA4D+2457661]
	GetHandleVerifier [0x00F7EB81+569713]
	GetHandleVerifier [0x00F7DD76+566118]
	Ordinal0 [0x00E80B2B+1968939]
	Ordinal0 [0x00E85988+1989000]
	Ordinal0 [0x00E85A75+1989237]
	Ordinal0 [0x00E8ECB1+2026673]
	BaseThreadInitThunk [0x7620FA29+25]
	RtlGetAppContainerNamedObjectPath [0x770E7A7E+286]
	RtlGetAppContainerNamedObjectPath [0x770E7A4E+238]

2022-05-09 16:58:59.788128(INFO): Buscando disponibilidad de compra...
2022-05-09 16:58:59.788128(DEBUG): POST http://localhost:61166/session/a775e381ecfe7633f67d3013dd9d75af/url {"url": "https://www.nike.cl/checkout/cart/add?sku=40132&qty=1&seller=1&redirect=true&sc=1"}
2022-05-09 16:58:59.788128(DEBUG): http://localhost:61166 "POST /session/a775e381ecfe7633f67d3013dd9d75af/url HTTP/1.1" 200 14
2022-05-09 16:58:59.788128(DEBUG): Finished Request
2022-05-09 16:58:59.788128(DEBUG): POST http://localhost:61166/session/a775e381ecfe7633f67d3013dd9d75af/element {"using": "xpath", "value": "//div[@class=\"cart-template full-cart span12 active\"]//tr[@data-bind=\"css: {'muted': !hasTotal()}\"]//td[@class=\"monetary\"]"}
2022-05-09 16:58:59.788128(DEBUG): http://localhost:61166 "POST /session/a775e381ecfe7633f67d3013dd9d75af/element HTTP/1.1" 404 1135
2022-05-09 16:58:59.788128(DEBUG): Finished Request
2022-05-09 16:58:59.788128(DEBUG): POST http://localhost:61166/session/a775e381ecfe7633f67d3013dd9d75af/element {"using": "xpath", "value": "//div[@class=\"cart-template full-cart span12 active\"]//tr[@data-bind=\"css: {'muted': !hasTotal()}\"]//td[@class=\"monetary\"]"}
2022-05-09 16:58:59.788128(DEBUG): http://localhost:61166 "POST /session/a775e381ecfe7633f67d3013dd9d75af/element HTTP/1.1" 200 88
2022-05-09 16:58:59.788128(DEBUG): Finished Request
2022-05-09 16:58:59.788128(DEBUG): POST http://localhost:61166/session/a775e381ecfe7633f67d3013dd9d75af/element {"using": "xpath", "value": "//div[@class=\"cart-template full-cart span12 active\"]//tr[@data-bind=\"css: {'muted': !hasTotal()}\"]//td[@class=\"monetary\"]"}
2022-05-09 16:58:59.788128(DEBUG): http://localhost:61166 "POST /session/a775e381ecfe7633f67d3013dd9d75af/element HTTP/1.1" 200 88
2022-05-09 16:58:59.788128(DEBUG): Finished Request
2022-05-09 16:58:59.788128(DEBUG): GET http://localhost:61166/session/a775e381ecfe7633f67d3013dd9d75af/element/6e53bf7f-96e2-43b4-8bc9-ad3be0a3c201/text {"id": "6e53bf7f-96e2-43b4-8bc9-ad3be0a3c201"}
2022-05-09 16:58:59.788128(DEBUG): http://localhost:61166 "GET /session/a775e381ecfe7633f67d3013dd9d75af/element/6e53bf7f-96e2-43b4-8bc9-ad3be0a3c201/text HTTP/1.1" 200 21
2022-05-09 16:58:59.788128(DEBUG): Finished Request
2022-05-09 16:58:59.788128(INFO): Se ha encontrado una oportunidad de compra.
2022-05-09 16:58:59.788128(INFO): Continuando con el proceso de compra...
2022-05-09 16:58:59.788128(DEBUG): POST http://localhost:61166/session/a775e381ecfe7633f67d3013dd9d75af/url {"url": "https://www.nike.cl/checkout/#/orderfrom"}
2022-05-09 16:58:59.788128(DEBUG): http://localhost:61166 "POST /session/a775e381ecfe7633f67d3013dd9d75af/url HTTP/1.1" 200 14
2022-05-09 16:58:59.788128(DEBUG): Finished Request
2022-05-09 16:58:59.788128(DEBUG): Estableciendo variables...
2022-05-09 16:58:59.788128(DEBUG): Cambiando focus a zona de pago.
2022-05-09 16:58:59.788128(DEBUG): POST http://localhost:61166/session/a775e381ecfe7633f67d3013dd9d75af/element {"using": "xpath", "value": "//iframe[@class=\"span12\"]"}
2022-05-09 16:58:59.788128(DEBUG): http://localhost:61166 "POST /session/a775e381ecfe7633f67d3013dd9d75af/element HTTP/1.1" 200 88
2022-05-09 16:58:59.788128(DEBUG): Finished Request
2022-05-09 16:58:59.788128(DEBUG): POST http://localhost:61166/session/a775e381ecfe7633f67d3013dd9d75af/frame {"id": {"element-6066-11e4-a52e-4f735466cecf": "26b6073f-c030-42a2-b6c8-b5883dd3dccd"}}
2022-05-09 16:58:59.788128(DEBUG): http://localhost:61166 "POST /session/a775e381ecfe7633f67d3013dd9d75af/frame HTTP/1.1" 200 14
2022-05-09 16:58:59.788128(DEBUG): Finished Request
2022-05-09 16:58:59.788128(DEBUG): POST http://localhost:61166/session/a775e381ecfe7633f67d3013dd9d75af/element {"using": "xpath", "value": "//div[@class=\"CardForm\"]"}
2022-05-09 16:58:59.788128(DEBUG): http://localhost:61166 "POST /session/a775e381ecfe7633f67d3013dd9d75af/element HTTP/1.1" 404 1033
2022-05-09 16:58:59.788128(DEBUG): Finished Request
2022-05-09 16:58:59.788128(DEBUG): POST http://localhost:61166/session/a775e381ecfe7633f67d3013dd9d75af/element {"using": "xpath", "value": "//div[@class=\"CardForm\"]"}
2022-05-09 16:58:59.788128(DEBUG): http://localhost:61166 "POST /session/a775e381ecfe7633f67d3013dd9d75af/element HTTP/1.1" 200 88
2022-05-09 16:58:59.788128(DEBUG): Finished Request
2022-05-09 16:58:59.788128(DEBUG): Llenando numero de cuotas.
2022-05-09 16:58:59.788128(DEBUG): POST http://localhost:61166/session/a775e381ecfe7633f67d3013dd9d75af/element {"using": "css selector", "value": "[id=\"creditCardpayment-card-0Brand\"]"}
2022-05-09 16:58:59.788128(DEBUG): http://localhost:61166 "POST /session/a775e381ecfe7633f67d3013dd9d75af/element HTTP/1.1" 200 88
2022-05-09 16:58:59.788128(DEBUG): Finished Request
2022-05-09 16:58:59.788128(DEBUG): POST http://localhost:61166/session/a775e381ecfe7633f67d3013dd9d75af/element/e4f02086-7517-435a-8bc3-157a052ccb1a/value {"text": "Total", "value": ["T", "o", "t", "a", "l"], "id": "e4f02086-7517-435a-8bc3-157a052ccb1a"}
2022-05-09 16:58:59.788128(DEBUG): http://localhost:61166 "POST /session/a775e381ecfe7633f67d3013dd9d75af/element/e4f02086-7517-435a-8bc3-157a052ccb1a/value HTTP/1.1" 200 14
2022-05-09 16:58:59.788128(DEBUG): Finished Request
2022-05-09 16:58:59.788128(DEBUG): Llenando mes de vencimiento de tarjeta.
2022-05-09 16:58:59.788128(DEBUG): POST http://localhost:61166/session/a775e381ecfe7633f67d3013dd9d75af/element {"using": "css selector", "value": "[id=\"creditCardpayment-card-0Month\"]"}
2022-05-09 16:58:59.788128(DEBUG): http://localhost:61166 "POST /session/a775e381ecfe7633f67d3013dd9d75af/element HTTP/1.1" 200 88
2022-05-09 16:58:59.788128(DEBUG): Finished Request
2022-05-09 16:58:59.788128(DEBUG): POST http://localhost:61166/session/a775e381ecfe7633f67d3013dd9d75af/element/acf63a4e-25ba-4bca-a99c-39a32edc3f12/value {"text": "\ue015", "value": ["\ue015"], "id": "acf63a4e-25ba-4bca-a99c-39a32edc3f12"}
2022-05-09 16:58:59.788128(DEBUG): http://localhost:61166 "POST /session/a775e381ecfe7633f67d3013dd9d75af/element/acf63a4e-25ba-4bca-a99c-39a32edc3f12/value HTTP/1.1" 200 14
2022-05-09 16:58:59.788128(DEBUG): Finished Request
2022-05-09 16:58:59.788128(DEBUG): POST http://localhost:61166/session/a775e381ecfe7633f67d3013dd9d75af/element {"using": "css selector", "value": "[id=\"creditCardpayment-card-0Month\"]"}
2022-05-09 16:58:59.788128(DEBUG): http://localhost:61166 "POST /session/a775e381ecfe7633f67d3013dd9d75af/element HTTP/1.1" 200 88
2022-05-09 16:58:59.788128(DEBUG): Finished Request
2022-05-09 16:58:59.788128(DEBUG): POST http://localhost:61166/session/a775e381ecfe7633f67d3013dd9d75af/element/acf63a4e-25ba-4bca-a99c-39a32edc3f12/value {"text": "\ue015", "value": ["\ue015"], "id": "acf63a4e-25ba-4bca-a99c-39a32edc3f12"}
2022-05-09 16:58:59.788128(DEBUG): http://localhost:61166 "POST /session/a775e381ecfe7633f67d3013dd9d75af/element/acf63a4e-25ba-4bca-a99c-39a32edc3f12/value HTTP/1.1" 200 14
2022-05-09 16:58:59.788128(DEBUG): Finished Request
2022-05-09 16:58:59.788128(DEBUG): POST http://localhost:61166/session/a775e381ecfe7633f67d3013dd9d75af/element {"using": "css selector", "value": "[id=\"creditCardpayment-card-0Month\"]"}
2022-05-09 16:58:59.788128(DEBUG): http://localhost:61166 "POST /session/a775e381ecfe7633f67d3013dd9d75af/element HTTP/1.1" 200 88
2022-05-09 16:58:59.788128(DEBUG): Finished Request
2022-05-09 16:58:59.788128(DEBUG): POST http://localhost:61166/session/a775e381ecfe7633f67d3013dd9d75af/element/acf63a4e-25ba-4bca-a99c-39a32edc3f12/value {"text": "\ue015", "value": ["\ue015"], "id": "acf63a4e-25ba-4bca-a99c-39a32edc3f12"}
2022-05-09 16:58:59.788128(DEBUG): http://localhost:61166 "POST /session/a775e381ecfe7633f67d3013dd9d75af/element/acf63a4e-25ba-4bca-a99c-39a32edc3f12/value HTTP/1.1" 200 14
2022-05-09 16:58:59.788128(DEBUG): Finished Request
2022-05-09 16:58:59.788128(DEBUG): POST http://localhost:61166/session/a775e381ecfe7633f67d3013dd9d75af/element {"using": "css selector", "value": "[id=\"creditCardpayment-card-0Month\"]"}
2022-05-09 16:58:59.788128(DEBUG): http://localhost:61166 "POST /session/a775e381ecfe7633f67d3013dd9d75af/element HTTP/1.1" 200 88
2022-05-09 16:58:59.788128(DEBUG): Finished Request
2022-05-09 16:58:59.788128(DEBUG): POST http://localhost:61166/session/a775e381ecfe7633f67d3013dd9d75af/element/acf63a4e-25ba-4bca-a99c-39a32edc3f12/value {"text": "\ue015", "value": ["\ue015"], "id": "acf63a4e-25ba-4bca-a99c-39a32edc3f12"}
2022-05-09 16:58:59.788128(DEBUG): http://localhost:61166 "POST /session/a775e381ecfe7633f67d3013dd9d75af/element/acf63a4e-25ba-4bca-a99c-39a32edc3f12/value HTTP/1.1" 200 14
2022-05-09 16:58:59.788128(DEBUG): Finished Request
2022-05-09 16:58:59.788128(DEBUG): POST http://localhost:61166/session/a775e381ecfe7633f67d3013dd9d75af/element {"using": "css selector", "value": "[id=\"creditCardpayment-card-0Month\"]"}
2022-05-09 16:58:59.788128(DEBUG): http://localhost:61166 "POST /session/a775e381ecfe7633f67d3013dd9d75af/element HTTP/1.1" 200 88
2022-05-09 16:58:59.788128(DEBUG): Finished Request
2022-05-09 16:58:59.788128(DEBUG): POST http://localhost:61166/session/a775e381ecfe7633f67d3013dd9d75af/element/acf63a4e-25ba-4bca-a99c-39a32edc3f12/value {"text": "\ue015", "value": ["\ue015"], "id": "acf63a4e-25ba-4bca-a99c-39a32edc3f12"}
2022-05-09 16:58:59.788128(DEBUG): http://localhost:61166 "POST /session/a775e381ecfe7633f67d3013dd9d75af/element/acf63a4e-25ba-4bca-a99c-39a32edc3f12/value HTTP/1.1" 200 14
2022-05-09 16:58:59.788128(DEBUG): Finished Request
2022-05-09 16:58:59.788128(DEBUG): POST http://localhost:61166/session/a775e381ecfe7633f67d3013dd9d75af/element {"using": "css selector", "value": "[id=\"creditCardpayment-card-0Month\"]"}
2022-05-09 16:58:59.788128(DEBUG): http://localhost:61166 "POST /session/a775e381ecfe7633f67d3013dd9d75af/element HTTP/1.1" 200 88
2022-05-09 16:58:59.788128(DEBUG): Finished Request
2022-05-09 16:58:59.788128(DEBUG): POST http://localhost:61166/session/a775e381ecfe7633f67d3013dd9d75af/element/acf63a4e-25ba-4bca-a99c-39a32edc3f12/value {"text": "\ue015", "value": ["\ue015"], "id": "acf63a4e-25ba-4bca-a99c-39a32edc3f12"}
2022-05-09 16:58:59.788128(DEBUG): http://localhost:61166 "POST /session/a775e381ecfe7633f67d3013dd9d75af/element/acf63a4e-25ba-4bca-a99c-39a32edc3f12/value HTTP/1.1" 200 14
2022-05-09 16:58:59.788128(DEBUG): Finished Request
2022-05-09 16:58:59.788128(DEBUG): Llenando anio de vencimiento de tarjeta.
2022-05-09 16:58:59.788128(DEBUG): POST http://localhost:61166/session/a775e381ecfe7633f67d3013dd9d75af/element {"using": "xpath", "value": "//select[@id=\"creditCardpayment-card-0Year\"]//option[2]"}
2022-05-09 16:58:59.788128(DEBUG): http://localhost:61166 "POST /session/a775e381ecfe7633f67d3013dd9d75af/element HTTP/1.1" 200 88
2022-05-09 16:58:59.788128(DEBUG): Finished Request
2022-05-09 16:58:59.788128(DEBUG): GET http://localhost:61166/session/a775e381ecfe7633f67d3013dd9d75af/element/d9c6d9e9-7c96-4757-b3f1-ed60c8fcbfd1/text {"id": "d9c6d9e9-7c96-4757-b3f1-ed60c8fcbfd1"}
2022-05-09 16:58:59.788128(DEBUG): http://localhost:61166 "GET /session/a775e381ecfe7633f67d3013dd9d75af/element/d9c6d9e9-7c96-4757-b3f1-ed60c8fcbfd1/text HTTP/1.1" 200 14
2022-05-09 16:58:59.788128(DEBUG): Finished Request
2022-05-09 16:58:59.788128(DEBUG): POST http://localhost:61166/session/a775e381ecfe7633f67d3013dd9d75af/element {"using": "css selector", "value": "[id=\"creditCardpayment-card-0Year\"]"}
2022-05-09 16:58:59.788128(DEBUG): http://localhost:61166 "POST /session/a775e381ecfe7633f67d3013dd9d75af/element HTTP/1.1" 200 88
2022-05-09 16:58:59.788128(DEBUG): Finished Request
2022-05-09 16:58:59.788128(DEBUG): POST http://localhost:61166/session/a775e381ecfe7633f67d3013dd9d75af/element/c29a99f5-cb52-4fce-807e-679c3da75a20/value {"text": "\ue015", "value": ["\ue015"], "id": "c29a99f5-cb52-4fce-807e-679c3da75a20"}
2022-05-09 16:58:59.788128(DEBUG): http://localhost:61166 "POST /session/a775e381ecfe7633f67d3013dd9d75af/element/c29a99f5-cb52-4fce-807e-679c3da75a20/value HTTP/1.1" 200 14
2022-05-09 16:58:59.788128(DEBUG): Finished Request
2022-05-09 16:58:59.788128(DEBUG): POST http://localhost:61166/session/a775e381ecfe7633f67d3013dd9d75af/element {"using": "css selector", "value": "[id=\"creditCardpayment-card-0Year\"]"}
2022-05-09 16:58:59.788128(DEBUG): http://localhost:61166 "POST /session/a775e381ecfe7633f67d3013dd9d75af/element HTTP/1.1" 200 88
2022-05-09 16:58:59.788128(DEBUG): Finished Request
2022-05-09 16:58:59.788128(DEBUG): POST http://localhost:61166/session/a775e381ecfe7633f67d3013dd9d75af/element/c29a99f5-cb52-4fce-807e-679c3da75a20/value {"text": "\ue015", "value": ["\ue015"], "id": "c29a99f5-cb52-4fce-807e-679c3da75a20"}
2022-05-09 16:58:59.788128(DEBUG): http://localhost:61166 "POST /session/a775e381ecfe7633f67d3013dd9d75af/element/c29a99f5-cb52-4fce-807e-679c3da75a20/value HTTP/1.1" 200 14
2022-05-09 16:58:59.788128(DEBUG): Finished Request
2022-05-09 16:58:59.788128(DEBUG): Llenando numero de tarjeta.
2022-05-09 16:58:59.788128(DEBUG): POST http://localhost:61166/session/a775e381ecfe7633f67d3013dd9d75af/element {"using": "css selector", "value": "[id=\"creditCardpayment-card-0Number\"]"}
2022-05-09 16:58:59.788128(DEBUG): http://localhost:61166 "POST /session/a775e381ecfe7633f67d3013dd9d75af/element HTTP/1.1" 200 88
2022-05-09 16:58:59.788128(DEBUG): Finished Request
2022-05-09 16:58:59.788128(DEBUG): POST http://localhost:61166/session/a775e381ecfe7633f67d3013dd9d75af/element/b4763fdd-65d4-4614-827a-35cca0897fdc/click {"id": "b4763fdd-65d4-4614-827a-35cca0897fdc"}
2022-05-09 16:58:59.788128(DEBUG): http://localhost:61166 "POST /session/a775e381ecfe7633f67d3013dd9d75af/element/b4763fdd-65d4-4614-827a-35cca0897fdc/click HTTP/1.1" 200 14
2022-05-09 16:58:59.788128(DEBUG): Finished Request
2022-05-09 16:58:59.788128(DEBUG): POST http://localhost:61166/session/a775e381ecfe7633f67d3013dd9d75af/element {"using": "css selector", "value": "[id=\"creditCardpayment-card-0Number\"]"}
2022-05-09 16:58:59.788128(DEBUG): http://localhost:61166 "POST /session/a775e381ecfe7633f67d3013dd9d75af/element HTTP/1.1" 200 88
2022-05-09 16:58:59.788128(DEBUG): Finished Request
2022-05-09 16:58:59.788128(DEBUG): POST http://localhost:61166/session/a775e381ecfe7633f67d3013dd9d75af/element/b4763fdd-65d4-4614-827a-35cca0897fdc/value {"text": "1234123412341234", "value": ["1", "2", "3", "4", "1", "2", "3", "4", "1", "2", "3", "4", "1", "2", "3", "4"], "id": "b4763fdd-65d4-4614-827a-35cca0897fdc"}
2022-05-09 16:58:59.788128(DEBUG): http://localhost:61166 "POST /session/a775e381ecfe7633f67d3013dd9d75af/element/b4763fdd-65d4-4614-827a-35cca0897fdc/value HTTP/1.1" 200 14
2022-05-09 16:58:59.788128(DEBUG): Finished Request
2022-05-09 16:58:59.788128(DEBUG): Llenando nombre y apellido del propietario de la tarjeta.
2022-05-09 16:58:59.788128(DEBUG): POST http://localhost:61166/session/a775e381ecfe7633f67d3013dd9d75af/element {"using": "css selector", "value": "[id=\"creditCardpayment-card-0Name\"]"}
2022-05-09 16:58:59.788128(DEBUG): http://localhost:61166 "POST /session/a775e381ecfe7633f67d3013dd9d75af/element HTTP/1.1" 200 88
2022-05-09 16:58:59.788128(DEBUG): Finished Request
2022-05-09 16:58:59.788128(DEBUG): POST http://localhost:61166/session/a775e381ecfe7633f67d3013dd9d75af/element/efe252ea-f53f-43e8-8b21-ef9e5d53abb0/click {"id": "efe252ea-f53f-43e8-8b21-ef9e5d53abb0"}
2022-05-09 16:58:59.788128(DEBUG): http://localhost:61166 "POST /session/a775e381ecfe7633f67d3013dd9d75af/element/efe252ea-f53f-43e8-8b21-ef9e5d53abb0/click HTTP/1.1" 200 14
2022-05-09 16:58:59.788128(DEBUG): Finished Request
2022-05-09 16:58:59.788128(DEBUG): POST http://localhost:61166/session/a775e381ecfe7633f67d3013dd9d75af/element {"using": "css selector", "value": "[id=\"creditCardpayment-card-0Name\"]"}
2022-05-09 16:58:59.788128(DEBUG): http://localhost:61166 "POST /session/a775e381ecfe7633f67d3013dd9d75af/element HTTP/1.1" 200 88
2022-05-09 16:58:59.788128(DEBUG): Finished Request
2022-05-09 16:58:59.788128(DEBUG): POST http://localhost:61166/session/a775e381ecfe7633f67d3013dd9d75af/element/efe252ea-f53f-43e8-8b21-ef9e5d53abb0/value {"text": "Nombre De Prueba", "value": ["N", "o", "m", "b", "r", "e", " ", "D", "e", " ", "P", "r", "u", "e", "b", "a"], "id": "efe252ea-f53f-43e8-8b21-ef9e5d53abb0"}
2022-05-09 16:58:59.788128(DEBUG): http://localhost:61166 "POST /session/a775e381ecfe7633f67d3013dd9d75af/element/efe252ea-f53f-43e8-8b21-ef9e5d53abb0/value HTTP/1.1" 200 14
2022-05-09 16:58:59.788128(DEBUG): Finished Request
2022-05-09 16:58:59.788128(DEBUG): Llenando CVV.
2022-05-09 16:58:59.788128(DEBUG): POST http://localhost:61166/session/a775e381ecfe7633f67d3013dd9d75af/element {"using": "css selector", "value": "[id=\"creditCardpayment-card-0Code\"]"}
2022-05-09 16:58:59.788128(DEBUG): http://localhost:61166 "POST /session/a775e381ecfe7633f67d3013dd9d75af/element HTTP/1.1" 200 88
2022-05-09 16:58:59.788128(DEBUG): Finished Request
2022-05-09 16:58:59.788128(DEBUG): POST http://localhost:61166/session/a775e381ecfe7633f67d3013dd9d75af/element/24095a6a-ebde-43c8-948b-b747f0ae48dc/click {"id": "24095a6a-ebde-43c8-948b-b747f0ae48dc"}
2022-05-09 16:58:59.788128(DEBUG): http://localhost:61166 "POST /session/a775e381ecfe7633f67d3013dd9d75af/element/24095a6a-ebde-43c8-948b-b747f0ae48dc/click HTTP/1.1" 200 14
2022-05-09 16:58:59.788128(DEBUG): Finished Request
2022-05-09 16:58:59.788128(DEBUG): POST http://localhost:61166/session/a775e381ecfe7633f67d3013dd9d75af/element {"using": "css selector", "value": "[id=\"creditCardpayment-card-0Code\"]"}
2022-05-09 16:58:59.788128(DEBUG): http://localhost:61166 "POST /session/a775e381ecfe7633f67d3013dd9d75af/element HTTP/1.1" 200 88
2022-05-09 16:58:59.788128(DEBUG): Finished Request
2022-05-09 16:58:59.788128(DEBUG): POST http://localhost:61166/session/a775e381ecfe7633f67d3013dd9d75af/element/24095a6a-ebde-43c8-948b-b747f0ae48dc/value {"text": "123", "value": ["1", "2", "3"], "id": "24095a6a-ebde-43c8-948b-b747f0ae48dc"}
2022-05-09 16:58:59.788128(DEBUG): http://localhost:61166 "POST /session/a775e381ecfe7633f67d3013dd9d75af/element/24095a6a-ebde-43c8-948b-b747f0ae48dc/value HTTP/1.1" 200 14
2022-05-09 16:58:59.788128(DEBUG): Finished Request
2022-05-09 16:58:59.788128(DEBUG): Llenando rut del propietario de la tarjeta.
2022-05-09 16:58:59.788128(DEBUG): POST http://localhost:61166/session/a775e381ecfe7633f67d3013dd9d75af/element {"using": "css selector", "value": "[id=\"holder-document-0\"]"}
2022-05-09 16:58:59.788128(DEBUG): http://localhost:61166 "POST /session/a775e381ecfe7633f67d3013dd9d75af/element HTTP/1.1" 200 88
2022-05-09 16:58:59.788128(DEBUG): Finished Request
2022-05-09 16:58:59.788128(DEBUG): POST http://localhost:61166/session/a775e381ecfe7633f67d3013dd9d75af/element/8ff38611-6687-427d-bf81-a22d3fea38e1/click {"id": "8ff38611-6687-427d-bf81-a22d3fea38e1"}
2022-05-09 16:58:59.788128(DEBUG): http://localhost:61166 "POST /session/a775e381ecfe7633f67d3013dd9d75af/element/8ff38611-6687-427d-bf81-a22d3fea38e1/click HTTP/1.1" 200 14
2022-05-09 16:58:59.788128(DEBUG): Finished Request
2022-05-09 16:58:59.788128(DEBUG): POST http://localhost:61166/session/a775e381ecfe7633f67d3013dd9d75af/element {"using": "css selector", "value": "[id=\"holder-document-0\"]"}
2022-05-09 16:58:59.788128(DEBUG): http://localhost:61166 "POST /session/a775e381ecfe7633f67d3013dd9d75af/element HTTP/1.1" 200 88
2022-05-09 16:58:59.788128(DEBUG): Finished Request
2022-05-09 16:58:59.788128(DEBUG): POST http://localhost:61166/session/a775e381ecfe7633f67d3013dd9d75af/element/8ff38611-6687-427d-bf81-a22d3fea38e1/value {"text": "12345678-9", "value": ["1", "2", "3", "4", "5", "6", "7", "8", "-", "9"], "id": "8ff38611-6687-427d-bf81-a22d3fea38e1"}
2022-05-09 16:58:59.788128(DEBUG): http://localhost:61166 "POST /session/a775e381ecfe7633f67d3013dd9d75af/element/8ff38611-6687-427d-bf81-a22d3fea38e1/value HTTP/1.1" 200 14
2022-05-09 16:58:59.788128(DEBUG): Finished Request
2022-05-09 16:58:59.788128(DEBUG): Cambiando el focus a la pagina principal.
2022-05-09 16:58:59.788128(DEBUG): POST http://localhost:61166/session/a775e381ecfe7633f67d3013dd9d75af/frame {"id": null}
2022-05-09 16:58:59.788128(DEBUG): http://localhost:61166 "POST /session/a775e381ecfe7633f67d3013dd9d75af/frame HTTP/1.1" 200 14
2022-05-09 16:58:59.788128(DEBUG): Finished Request
2022-05-09 16:58:59.788128(DEBUG): GET http://localhost:61166/session/a775e381ecfe7633f67d3013dd9d75af/url {}
2022-05-09 16:58:59.788128(DEBUG): http://localhost:61166 "GET /session/a775e381ecfe7633f67d3013dd9d75af/url HTTP/1.1" 200 50
2022-05-09 16:58:59.788128(DEBUG): Finished Request
2022-05-09 16:58:59.788128(DEBUG): Cambiando focus a zona de pago.
2022-05-09 16:58:59.788128(DEBUG): POST http://localhost:61166/session/a775e381ecfe7633f67d3013dd9d75af/element {"using": "xpath", "value": "//iframe[@class=\"span12\"]"}
2022-05-09 16:58:59.788128(DEBUG): http://localhost:61166 "POST /session/a775e381ecfe7633f67d3013dd9d75af/element HTTP/1.1" 200 88
2022-05-09 16:58:59.788128(DEBUG): Finished Request
2022-05-09 16:58:59.788128(DEBUG): POST http://localhost:61166/session/a775e381ecfe7633f67d3013dd9d75af/frame {"id": {"element-6066-11e4-a52e-4f735466cecf": "26b6073f-c030-42a2-b6c8-b5883dd3dccd"}}
2022-05-09 16:58:59.788128(DEBUG): http://localhost:61166 "POST /session/a775e381ecfe7633f67d3013dd9d75af/frame HTTP/1.1" 200 14
2022-05-09 16:58:59.788128(DEBUG): Finished Request
2022-05-09 16:58:59.788128(DEBUG): POST http://localhost:61166/session/a775e381ecfe7633f67d3013dd9d75af/element {"using": "css selector", "value": "[id=\"creditCardpayment-card-0Brand\"]"}
2022-05-09 16:58:59.788128(DEBUG): http://localhost:61166 "POST /session/a775e381ecfe7633f67d3013dd9d75af/element HTTP/1.1" 200 88
2022-05-09 16:58:59.788128(DEBUG): Finished Request
2022-05-09 16:58:59.788128(DEBUG): POST http://localhost:61166/session/a775e381ecfe7633f67d3013dd9d75af/element/e4f02086-7517-435a-8bc3-157a052ccb1a/elements {"using": "css selector", "value": "option", "id": "e4f02086-7517-435a-8bc3-157a052ccb1a"}
2022-05-09 16:58:59.788128(DEBUG): http://localhost:61166 "POST /session/a775e381ecfe7633f67d3013dd9d75af/element/e4f02086-7517-435a-8bc3-157a052ccb1a/elements HTTP/1.1" 200 327
2022-05-09 16:58:59.788128(DEBUG): Finished Request
2022-05-09 16:58:59.788128(DEBUG): POST http://localhost:61166/session/a775e381ecfe7633f67d3013dd9d75af/element {"using": "css selector", "value": "[id=\"creditCardpayment-card-0Brand\"]"}
2022-05-09 16:58:59.788128(DEBUG): http://localhost:61166 "POST /session/a775e381ecfe7633f67d3013dd9d75af/element HTTP/1.1" 200 88
2022-05-09 16:58:59.788128(DEBUG): Finished Request
2022-05-09 16:58:59.788128(DEBUG): POST http://localhost:61166/session/a775e381ecfe7633f67d3013dd9d75af/element/e4f02086-7517-435a-8bc3-157a052ccb1a/value {"text": "Total", "value": ["T", "o", "t", "a", "l"], "id": "e4f02086-7517-435a-8bc3-157a052ccb1a"}
2022-05-09 16:58:59.788128(DEBUG): http://localhost:61166 "POST /session/a775e381ecfe7633f67d3013dd9d75af/element/e4f02086-7517-435a-8bc3-157a052ccb1a/value HTTP/1.1" 200 14
2022-05-09 16:58:59.788128(DEBUG): Finished Request
2022-05-09 16:58:59.788128(DEBUG): El proceso de compra se ha finalizado exitosamente.
2022-05-09 16:58:59.788128(DEBUG): POST http://localhost:61166/session/a775e381ecfe7633f67d3013dd9d75af/window/minimize {}
2022-05-09 16:58:59.788128(DEBUG): http://localhost:61166 "POST /session/a775e381ecfe7633f67d3013dd9d75af/window/minimize HTTP/1.1" 200 49
2022-05-09 16:58:59.788128(DEBUG): Finished Request
2022-05-09 16:58:59.788128(DEBUG): POST http://localhost:61166/session/a775e381ecfe7633f67d3013dd9d75af/window/maximize {}
2022-05-09 16:58:59.788128(DEBUG): http://localhost:61166 "POST /session/a775e381ecfe7633f67d3013dd9d75af/window/maximize HTTP/1.1" 200 51
2022-05-09 16:58:59.788128(DEBUG): Finished Request
